# JRE version: OpenJDK Runtime Environment Temurin-17.0.4.1+1 (17.0.4.1+1) (build 17.0.4.1+1)
# Java VM: OpenJDK 64-Bit Server VM Temurin-17.0.4.1+1 (17.0.4.1+1, mixed mode, sharing, tiered, compressed oops, compressed class ptrs, g1 gc, windows-amd64)
GC Precious Log:
 CPUs: 12 total, 12 available
 Memory: 6005M
 Large Page Support: Disabled
 NUMA Support: Disabled
 Compressed Oops: Enabled (32-bit)
 Heap Region Size: 1M
 Heap Min Capacity: 8M
 Heap Initial Capacity: 94M
 Heap Max Capacity: 2G
 Pre-touch: Disabled
 Parallel Workers: 10
 Concurrent Workers: 3
 Concurrent Refinement Workers: 10
 Periodic GC: Disabled
Heap:
 garbage-first heap   total 261120K, used 136550K [0x0000000080000000, 0x0000000100000000)
  region size 1024K, 6 young (6144K), 1 survivors (1024K)
 Metaspace       used 102426K, committed 103360K, reserved 512000K
  class space    used 14130K, committed 14592K, reserved 421888K
GC Heap History (20 events):
Event: 42.857 GC heap before
{Heap before GC invocations=52 (full 0):
 garbage-first heap   total 178176K, used 138963K [0x0000000080000000, 0x0000000100000000)
  region size 1024K, 42 young (43008K), 6 survivors (6144K)
 Metaspace       used 97917K, committed 98752K, reserved 512000K
  class space    used 13687K, committed 14080K, reserved 421888K
}
Event: 42.878 GC heap after
{Heap after GC invocations=53 (full 0):
 garbage-first heap   total 178176K, used 106684K [0x0000000080000000, 0x0000000100000000)
  region size 1024K, 4 young (4096K), 4 survivors (4096K)
 Metaspace       used 97917K, committed 98752K, reserved 512000K
  class space    used 13687K, committed 14080K, reserved 421888K
}
Event: 43.837 GC heap before
{Heap before GC invocations=53 (full 0):
 garbage-first heap   total 178176K, used 147644K [0x0000000080000000, 0x0000000100000000)
  region size 1024K, 45 young (46080K), 4 survivors (4096K)
 Metaspace       used 98429K, committed 99328K, reserved 512000K
  class space    used 13734K, committed 14144K, reserved 421888K
}
Event: 43.847 GC heap after
{Heap after GC invocations=54 (full 0):
 garbage-first heap   total 178176K, used 110372K [0x0000000080000000, 0x0000000100000000)
  region size 1024K, 4 young (4096K), 4 survivors (4096K)
 Metaspace       used 98429K, committed 99328K, reserved 512000K
  class space    used 13734K, committed 14144K, reserved 421888K
}
Event: 44.228 GC heap before
{Heap before GC invocations=55 (full 0):
 garbage-first heap   total 196608K, used 147236K [0x0000000080000000, 0x0000000100000000)
  region size 1024K, 41 young (41984K), 4 survivors (4096K)
 Metaspace       used 98576K, committed 99456K, reserved 512000K
  class space    used 13734K, committed 14144K, reserved 421888K
}
Event: 44.237 GC heap after
{Heap after GC invocations=56 (full 0):
 garbage-first heap   total 196608K, used 113432K [0x0000000080000000, 0x0000000100000000)
  region size 1024K, 4 young (4096K), 4 survivors (4096K)
 Metaspace       used 98576K, committed 99456K, reserved 512000K
  class space    used 13734K, committed 14144K, reserved 421888K
}
Event: 45.086 GC heap before
{Heap before GC invocations=56 (full 0):
 garbage-first heap   total 196608K, used 157464K [0x0000000080000000, 0x0000000100000000)
  region size 1024K, 49 young (50176K), 4 survivors (4096K)
 Metaspace       used 98578K, committed 99456K, reserved 512000K
  class space    used 13735K, committed 14144K, reserved 421888K
}
Event: 45.091 GC heap after
{Heap after GC invocations=57 (full 0):
 garbage-first heap   total 236544K, used 115767K [0x0000000080000000, 0x0000000100000000)
  region size 1024K, 6 young (6144K), 6 survivors (6144K)
 Metaspace       used 98578K, committed 99456K, reserved 512000K
  class space    used 13735K, committed 14144K, reserved 421888K
}
Event: 45.884 GC heap before
{Heap before GC invocations=58 (full 0):
 garbage-first heap   total 236544K, used 212023K [0x0000000080000000, 0x0000000100000000)
  region size 1024K, 77 young (78848K), 6 survivors (6144K)
 Metaspace       used 98887K, committed 99712K, reserved 512000K
  class space    used 13754K, committed 14144K, reserved 421888K
}
Event: 45.901 GC heap after
{Heap after GC invocations=59 (full 0):
 garbage-first heap   total 236544K, used 122437K [0x0000000080000000, 0x0000000100000000)
  region size 1024K, 10 young (10240K), 10 survivors (10240K)
 Metaspace       used 98887K, committed 99712K, reserved 512000K
  class space    used 13754K, committed 14144K, reserved 421888K
}
Event: 45.921 GC heap before
{Heap before GC invocations=59 (full 0):
 garbage-first heap   total 236544K, used 123461K [0x0000000080000000, 0x0000000100000000)
  region size 1024K, 11 young (11264K), 10 survivors (10240K)
 Metaspace       used 98887K, committed 99712K, reserved 512000K
  class space    used 13754K, committed 14144K, reserved 421888K
}
Event: 45.963 GC heap after
{Heap after GC invocations=60 (full 0):
 garbage-first heap   total 236544K, used 123395K [0x0000000080000000, 0x0000000100000000)
  region size 1024K, 2 young (2048K), 2 survivors (2048K)
 Metaspace       used 98887K, committed 99712K, reserved 512000K
  class space    used 13754K, committed 14144K, reserved 421888K
}
Event: 46.792 GC heap before
{Heap before GC invocations=60 (full 0):
 garbage-first heap   total 236544K, used 201219K [0x0000000080000000, 0x0000000100000000)
  region size 1024K, 67 young (68608K), 2 survivors (2048K)
 Metaspace       used 99103K, committed 99904K, reserved 512000K
  class space    used 13771K, committed 14144K, reserved 421888K
}
Event: 46.804 GC heap after
{Heap after GC invocations=61 (full 0):
 garbage-first heap   total 236544K, used 130456K [0x0000000080000000, 0x0000000100000000)
  region size 1024K, 5 young (5120K), 5 survivors (5120K)
 Metaspace       used 99103K, committed 99904K, reserved 512000K
  class space    used 13771K, committed 14144K, reserved 421888K
}
Event: 47.180 GC heap before
{Heap before GC invocations=61 (full 0):
 garbage-first heap   total 236544K, used 169368K [0x0000000080000000, 0x0000000100000000)
  region size 1024K, 45 young (46080K), 5 survivors (5120K)
 Metaspace       used 99130K, committed 99968K, reserved 512000K
  class space    used 13771K, committed 14144K, reserved 421888K
}
Event: 47.191 GC heap after
{Heap after GC invocations=62 (full 0):
 garbage-first heap   total 236544K, used 128412K [0x0000000080000000, 0x0000000100000000)
  region size 1024K, 7 young (7168K), 7 survivors (7168K)
 Metaspace       used 99130K, committed 99968K, reserved 512000K
  class space    used 13771K, committed 14144K, reserved 421888K
}
Event: 258.114 GC heap before
{Heap before GC invocations=63 (full 0):
 garbage-first heap   total 261120K, used 200092K [0x0000000080000000, 0x0000000100000000)
  region size 1024K, 69 young (70656K), 7 survivors (7168K)
 Metaspace       used 102315K, committed 103232K, reserved 512000K
  class space    used 14124K, committed 14592K, reserved 421888K
}
Event: 258.200 GC heap after
{Heap after GC invocations=64 (full 0):
 garbage-first heap   total 261120K, used 132387K [0x0000000080000000, 0x0000000100000000)
  region size 1024K, 7 young (7168K), 7 survivors (7168K)
 Metaspace       used 102315K, committed 103232K, reserved 512000K
  class space    used 14124K, committed 14592K, reserved 421888K
}
Event: 483.011 GC heap before
{Heap before GC invocations=64 (full 0):
 garbage-first heap   total 261120K, used 136483K [0x0000000080000000, 0x0000000100000000)
  region size 1024K, 12 young (12288K), 7 survivors (7168K)
 Metaspace       used 102359K, committed 103296K, reserved 512000K
  class space    used 14124K, committed 14592K, reserved 421888K
}
Event: 483.071 GC heap after
{Heap after GC invocations=65 (full 0):
 garbage-first heap   total 261120K, used 132454K [0x0000000080000000, 0x0000000100000000)
  region size 1024K, 1 young (1024K), 1 survivors (1024K)
 Metaspace       used 102359K, committed 103296K, reserved 512000K
  class space    used 14124K, committed 14592K, reserved 421888K
}

